Analysis & Synthesis report for traffic_light
Sat Sep 21 14:01:27 2024
Quartus Prime Version 23.1std.0 Build 991 11/28/2023 SC Lite Edition


---------------------
; Table of Contents ;
---------------------
  1. Legal Notice
  2. Analysis & Synthesis Summary
  3. Analysis & Synthesis Settings
  4. Parallel Compilation
  5. Analysis & Synthesis Source Files Read
  6. Analysis & Synthesis Resource Usage Summary
  7. Analysis & Synthesis Resource Utilization by Entity
  8. State Machine - |traffic_light|state
  9. Registers Removed During Synthesis
 10. General Register Statistics
 11. Multiplexer Restructuring Statistics (Restructuring Performed)
 12. Parameter Settings for User Entity Instance: Top-level Entity: |traffic_light
 13. Parameter Settings for User Entity Instance: light:red
 14. Parameter Settings for User Entity Instance: light:red|counter:counter_num_0
 15. Parameter Settings for User Entity Instance: light:red|counter:counter_num_1
 16. Parameter Settings for User Entity Instance: light:green
 17. Parameter Settings for User Entity Instance: light:green|counter:counter_num_0
 18. Parameter Settings for User Entity Instance: light:green|counter:counter_num_1
 19. Parameter Settings for User Entity Instance: light:yellow
 20. Parameter Settings for User Entity Instance: light:yellow|counter:counter_num_0
 21. Parameter Settings for User Entity Instance: light:yellow|counter:counter_num_1
 22. Port Connectivity Checks: "light:red"
 23. Post-Synthesis Netlist Statistics for Top Partition
 24. Elapsed Time Per Partition
 25. Analysis & Synthesis Messages
 26. Analysis & Synthesis Suppressed Messages



----------------
; Legal Notice ;
----------------
Copyright (C) 2023  Intel Corporation. All rights reserved.
Your use of Intel Corporation's design tools, logic functions 
and other software and tools, and any partner logic 
functions, and any output files from any of the foregoing 
(including device programming or simulation files), and any 
associated documentation or information are expressly subject 
to the terms and conditions of the Intel Program License 
Subscription Agreement, the Intel Quartus Prime License Agreement,
the Intel FPGA IP License Agreement, or other applicable license
agreement, including, without limitation, that your use is for
the sole purpose of programming logic devices manufactured by
Intel and sold by Intel or its authorized distributors.  Please
refer to the applicable agreement for further details, at
https://fpgasoftware.intel.com/eula.



+-------------------------------------------------------------------------------------+
; Analysis & Synthesis Summary                                                        ;
+------------------------------------+------------------------------------------------+
; Analysis & Synthesis Status        ; Successful - Sat Sep 21 14:01:27 2024          ;
; Quartus Prime Version              ; 23.1std.0 Build 991 11/28/2023 SC Lite Edition ;
; Revision Name                      ; traffic_light                                  ;
; Top-level Entity Name              ; traffic_light                                  ;
; Family                             ; Cyclone IV E                                   ;
; Total logic elements               ; 203                                            ;
;     Total combinational functions  ; 185                                            ;
;     Dedicated logic registers      ; 101                                            ;
; Total registers                    ; 101                                            ;
; Total pins                         ; 56                                             ;
; Total virtual pins                 ; 0                                              ;
; Total memory bits                  ; 0                                              ;
; Embedded Multiplier 9-bit elements ; 0                                              ;
; Total PLLs                         ; 0                                              ;
+------------------------------------+------------------------------------------------+


+------------------------------------------------------------------------------------------------------------+
; Analysis & Synthesis Settings                                                                              ;
+------------------------------------------------------------------+--------------------+--------------------+
; Option                                                           ; Setting            ; Default Value      ;
+------------------------------------------------------------------+--------------------+--------------------+
; Device                                                           ; EP4CE115F29C7      ;                    ;
; Top-level entity name                                            ; traffic_light      ; traffic_light      ;
; Family name                                                      ; Cyclone IV E       ; Cyclone V          ;
; Use smart compilation                                            ; Off                ; Off                ;
; Enable parallel Assembler and Timing Analyzer during compilation ; On                 ; On                 ;
; Enable compact report table                                      ; Off                ; Off                ;
; Restructure Multiplexers                                         ; Auto               ; Auto               ;
; Create Debugging Nodes for IP Cores                              ; Off                ; Off                ;
; Preserve fewer node names                                        ; On                 ; On                 ;
; Intel FPGA IP Evaluation Mode                                    ; Enable             ; Enable             ;
; Verilog Version                                                  ; Verilog_2001       ; Verilog_2001       ;
; VHDL Version                                                     ; VHDL_1993          ; VHDL_1993          ;
; State Machine Processing                                         ; Auto               ; Auto               ;
; Safe State Machine                                               ; Off                ; Off                ;
; Extract Verilog State Machines                                   ; On                 ; On                 ;
; Extract VHDL State Machines                                      ; On                 ; On                 ;
; Ignore Verilog initial constructs                                ; Off                ; Off                ;
; Iteration limit for constant Verilog loops                       ; 5000               ; 5000               ;
; Iteration limit for non-constant Verilog loops                   ; 250                ; 250                ;
; Add Pass-Through Logic to Inferred RAMs                          ; On                 ; On                 ;
; Infer RAMs from Raw Logic                                        ; On                 ; On                 ;
; Parallel Synthesis                                               ; On                 ; On                 ;
; DSP Block Balancing                                              ; Auto               ; Auto               ;
; NOT Gate Push-Back                                               ; On                 ; On                 ;
; Power-Up Don't Care                                              ; On                 ; On                 ;
; Remove Redundant Logic Cells                                     ; Off                ; Off                ;
; Remove Duplicate Registers                                       ; On                 ; On                 ;
; Ignore CARRY Buffers                                             ; Off                ; Off                ;
; Ignore CASCADE Buffers                                           ; Off                ; Off                ;
; Ignore GLOBAL Buffers                                            ; Off                ; Off                ;
; Ignore ROW GLOBAL Buffers                                        ; Off                ; Off                ;
; Ignore LCELL Buffers                                             ; Off                ; Off                ;
; Ignore SOFT Buffers                                              ; On                 ; On                 ;
; Limit AHDL Integers to 32 Bits                                   ; Off                ; Off                ;
; Optimization Technique                                           ; Balanced           ; Balanced           ;
; Carry Chain Length                                               ; 70                 ; 70                 ;
; Auto Carry Chains                                                ; On                 ; On                 ;
; Auto Open-Drain Pins                                             ; On                 ; On                 ;
; Perform WYSIWYG Primitive Resynthesis                            ; Off                ; Off                ;
; Auto ROM Replacement                                             ; On                 ; On                 ;
; Auto RAM Replacement                                             ; On                 ; On                 ;
; Auto DSP Block Replacement                                       ; On                 ; On                 ;
; Auto Shift Register Replacement                                  ; Auto               ; Auto               ;
; Allow Shift Register Merging across Hierarchies                  ; Auto               ; Auto               ;
; Auto Clock Enable Replacement                                    ; On                 ; On                 ;
; Strict RAM Replacement                                           ; Off                ; Off                ;
; Allow Synchronous Control Signals                                ; On                 ; On                 ;
; Force Use of Synchronous Clear Signals                           ; Off                ; Off                ;
; Auto RAM Block Balancing                                         ; On                 ; On                 ;
; Auto RAM to Logic Cell Conversion                                ; Off                ; Off                ;
; Auto Resource Sharing                                            ; Off                ; Off                ;
; Allow Any RAM Size For Recognition                               ; Off                ; Off                ;
; Allow Any ROM Size For Recognition                               ; Off                ; Off                ;
; Allow Any Shift Register Size For Recognition                    ; Off                ; Off                ;
; Use LogicLock Constraints during Resource Balancing              ; On                 ; On                 ;
; Ignore translate_off and synthesis_off directives                ; Off                ; Off                ;
; Timing-Driven Synthesis                                          ; On                 ; On                 ;
; Report Parameter Settings                                        ; On                 ; On                 ;
; Report Source Assignments                                        ; On                 ; On                 ;
; Report Connectivity Checks                                       ; On                 ; On                 ;
; Ignore Maximum Fan-Out Assignments                               ; Off                ; Off                ;
; Synchronization Register Chain Length                            ; 2                  ; 2                  ;
; Power Optimization During Synthesis                              ; Normal compilation ; Normal compilation ;
; HDL message level                                                ; Level2             ; Level2             ;
; Suppress Register Optimization Related Messages                  ; Off                ; Off                ;
; Number of Removed Registers Reported in Synthesis Report         ; 5000               ; 5000               ;
; Number of Swept Nodes Reported in Synthesis Report               ; 5000               ; 5000               ;
; Number of Inverted Registers Reported in Synthesis Report        ; 100                ; 100                ;
; Clock MUX Protection                                             ; On                 ; On                 ;
; Auto Gated Clock Conversion                                      ; Off                ; Off                ;
; Block Design Naming                                              ; Auto               ; Auto               ;
; SDC constraint protection                                        ; Off                ; Off                ;
; Synthesis Effort                                                 ; Auto               ; Auto               ;
; Shift Register Replacement - Allow Asynchronous Clear Signal     ; On                 ; On                 ;
; Pre-Mapping Resynthesis Optimization                             ; Off                ; Off                ;
; Analysis & Synthesis Message Level                               ; Medium             ; Medium             ;
; Disable Register Merging Across Hierarchies                      ; Auto               ; Auto               ;
; Resource Aware Inference For Block RAM                           ; On                 ; On                 ;
+------------------------------------------------------------------+--------------------+--------------------+


+------------------------------------------+
; Parallel Compilation                     ;
+----------------------------+-------------+
; Processors                 ; Number      ;
+----------------------------+-------------+
; Number detected on machine ; 16          ;
; Maximum allowed            ; 12          ;
;                            ;             ;
; Average used               ; 1.00        ;
; Maximum used               ; 12          ;
;                            ;             ;
; Usage by Processor         ; % Time Used ;
;     Processor 1            ; 100.0%      ;
;     Processors 2-12        ;   0.0%      ;
+----------------------------+-------------+


+-------------------------------------------------------------------------------------------------------------------------------------------------------------------------------------------------------------------------------------------------+
; Analysis & Synthesis Source Files Read                                                                                                                                                                                                          ;
+----------------------------------+-----------------+------------------------+---------------------------------------------------------------------------------------------------------------------------------------------------------+---------+
; File Name with User-Entered Path ; Used in Netlist ; File Type              ; File Name with Absolute Path                                                                                                                            ; Library ;
+----------------------------------+-----------------+------------------------+---------------------------------------------------------------------------------------------------------------------------------------------------------+---------+
; ../traffic_light.v               ; yes             ; User Verilog HDL File  ; C:/Users/ASUS-Laptop/OneDrive - Hanoi University of Science and Technology/EDABK Lab/Study/Verilog/Digital-design-lab/Traffic_light/traffic_light.v     ;         ;
; ../clock.v                       ; yes             ; User Verilog HDL File  ; C:/Users/ASUS-Laptop/OneDrive - Hanoi University of Science and Technology/EDABK Lab/Study/Verilog/Digital-design-lab/Traffic_light/clock.v             ;         ;
; ../seven_seg_decoder.v           ; yes             ; User Verilog HDL File  ; C:/Users/ASUS-Laptop/OneDrive - Hanoi University of Science and Technology/EDABK Lab/Study/Verilog/Digital-design-lab/Traffic_light/seven_seg_decoder.v ;         ;
; ../light.v                       ; yes             ; User Verilog HDL File  ; C:/Users/ASUS-Laptop/OneDrive - Hanoi University of Science and Technology/EDABK Lab/Study/Verilog/Digital-design-lab/Traffic_light/light.v             ;         ;
; ../counter.v                     ; yes             ; User Verilog HDL File  ; C:/Users/ASUS-Laptop/OneDrive - Hanoi University of Science and Technology/EDABK Lab/Study/Verilog/Digital-design-lab/Traffic_light/counter.v           ;         ;
+----------------------------------+-----------------+------------------------+---------------------------------------------------------------------------------------------------------------------------------------------------------+---------+


+--------------------------------------------------------------------------+
; Analysis & Synthesis Resource Usage Summary                              ;
+---------------------------------------------+----------------------------+
; Resource                                    ; Usage                      ;
+---------------------------------------------+----------------------------+
; Estimated Total logic elements              ; 203                        ;
;                                             ;                            ;
; Total combinational functions               ; 185                        ;
; Logic element usage by number of LUT inputs ;                            ;
;     -- 4 input functions                    ; 86                         ;
;     -- 3 input functions                    ; 48                         ;
;     -- <=2 input functions                  ; 51                         ;
;                                             ;                            ;
; Logic elements by mode                      ;                            ;
;     -- normal mode                          ; 159                        ;
;     -- arithmetic mode                      ; 26                         ;
;                                             ;                            ;
; Total registers                             ; 101                        ;
;     -- Dedicated logic registers            ; 101                        ;
;     -- I/O registers                        ; 0                          ;
;                                             ;                            ;
; I/O pins                                    ; 56                         ;
;                                             ;                            ;
; Embedded Multiplier 9-bit elements          ; 0                          ;
;                                             ;                            ;
; Maximum fan-out node                        ; clock:clock_module|clk_out ;
; Maximum fan-out                             ; 74                         ;
; Total fan-out                               ; 960                        ;
; Average fan-out                             ; 2.41                       ;
+---------------------------------------------+----------------------------+


+-------------------------------------------------------------------------------------------------------------------------------------------------------------------------------------------------------------------------------------------------------------+
; Analysis & Synthesis Resource Utilization by Entity                                                                                                                                                                                                         ;
+------------------------------------------+---------------------+---------------------------+-------------+--------------+---------+-----------+------+--------------+----------------------------------------------------+-------------------+--------------+
; Compilation Hierarchy Node               ; Combinational ALUTs ; Dedicated Logic Registers ; Memory Bits ; DSP Elements ; DSP 9x9 ; DSP 18x18 ; Pins ; Virtual Pins ; Full Hierarchy Name                                ; Entity Name       ; Library Name ;
+------------------------------------------+---------------------+---------------------------+-------------+--------------+---------+-----------+------+--------------+----------------------------------------------------+-------------------+--------------+
; |traffic_light                           ; 185 (58)            ; 101 (50)                  ; 0           ; 0            ; 0       ; 0         ; 56   ; 0            ; |traffic_light                                     ; traffic_light     ; work         ;
;    |clock:clock_module|                  ; 38 (38)             ; 28 (28)                   ; 0           ; 0            ; 0       ; 0         ; 0    ; 0            ; |traffic_light|clock:clock_module                  ; clock             ; work         ;
;    |light:green|                         ; 21 (6)              ; 8 (0)                     ; 0           ; 0            ; 0       ; 0         ; 0    ; 0            ; |traffic_light|light:green                         ; light             ; work         ;
;       |counter:counter_num_0|            ; 8 (8)               ; 4 (4)                     ; 0           ; 0            ; 0       ; 0         ; 0    ; 0            ; |traffic_light|light:green|counter:counter_num_0   ; counter           ; work         ;
;       |counter:counter_num_1|            ; 7 (7)               ; 4 (4)                     ; 0           ; 0            ; 0       ; 0         ; 0    ; 0            ; |traffic_light|light:green|counter:counter_num_1   ; counter           ; work         ;
;    |light:red|                           ; 21 (5)              ; 8 (0)                     ; 0           ; 0            ; 0       ; 0         ; 0    ; 0            ; |traffic_light|light:red                           ; light             ; work         ;
;       |counter:counter_num_0|            ; 9 (9)               ; 4 (4)                     ; 0           ; 0            ; 0       ; 0         ; 0    ; 0            ; |traffic_light|light:red|counter:counter_num_0     ; counter           ; work         ;
;       |counter:counter_num_1|            ; 7 (7)               ; 4 (4)                     ; 0           ; 0            ; 0       ; 0         ; 0    ; 0            ; |traffic_light|light:red|counter:counter_num_1     ; counter           ; work         ;
;    |light:yellow|                        ; 19 (4)              ; 7 (0)                     ; 0           ; 0            ; 0       ; 0         ; 0    ; 0            ; |traffic_light|light:yellow                        ; light             ; work         ;
;       |counter:counter_num_0|            ; 9 (9)               ; 4 (4)                     ; 0           ; 0            ; 0       ; 0         ; 0    ; 0            ; |traffic_light|light:yellow|counter:counter_num_0  ; counter           ; work         ;
;       |counter:counter_num_1|            ; 6 (6)               ; 3 (3)                     ; 0           ; 0            ; 0       ; 0         ; 0    ; 0            ; |traffic_light|light:yellow|counter:counter_num_1  ; counter           ; work         ;
;    |seven_seg_decoder:decoder_country_0| ; 7 (7)               ; 0 (0)                     ; 0           ; 0            ; 0       ; 0         ; 0    ; 0            ; |traffic_light|seven_seg_decoder:decoder_country_0 ; seven_seg_decoder ; work         ;
;    |seven_seg_decoder:decoder_country_1| ; 7 (7)               ; 0 (0)                     ; 0           ; 0            ; 0       ; 0         ; 0    ; 0            ; |traffic_light|seven_seg_decoder:decoder_country_1 ; seven_seg_decoder ; work         ;
;    |seven_seg_decoder:decoder_highway_0| ; 7 (7)               ; 0 (0)                     ; 0           ; 0            ; 0       ; 0         ; 0    ; 0            ; |traffic_light|seven_seg_decoder:decoder_highway_0 ; seven_seg_decoder ; work         ;
;    |seven_seg_decoder:decoder_highway_1| ; 7 (7)               ; 0 (0)                     ; 0           ; 0            ; 0       ; 0         ; 0    ; 0            ; |traffic_light|seven_seg_decoder:decoder_highway_1 ; seven_seg_decoder ; work         ;
+------------------------------------------+---------------------+---------------------------+-------------+--------------+---------+-----------+------+--------------+----------------------------------------------------+-------------------+--------------+
Note: For table entries with two numbers listed, the numbers in parentheses indicate the number of resources of the given type used by the specific entity alone. The numbers listed outside of parentheses indicate the total resources of the given type used by the specific entity and all of its sub-entities in the hierarchy.


Encoding Type:  One-Hot
+-------------------------------------------------------------------+
; State Machine - |traffic_light|state                              ;
+-----------+----------+----------+----------+----------+-----------+
; Name      ; state.s0 ; state.s3 ; state.s2 ; state.s1 ; state.s0_ ;
+-----------+----------+----------+----------+----------+-----------+
; state.s0_ ; 0        ; 0        ; 0        ; 0        ; 0         ;
; state.s1  ; 0        ; 0        ; 0        ; 1        ; 1         ;
; state.s2  ; 0        ; 0        ; 1        ; 0        ; 1         ;
; state.s3  ; 0        ; 1        ; 0        ; 0        ; 1         ;
; state.s0  ; 1        ; 0        ; 0        ; 0        ; 1         ;
+-----------+----------+----------+----------+----------+-----------+


+----------------------------------------------------------------------------------------+
; Registers Removed During Synthesis                                                     ;
+-----------------------------------------------+----------------------------------------+
; Register name                                 ; Reason for Removal                     ;
+-----------------------------------------------+----------------------------------------+
; state~2                                       ; Lost fanout                            ;
; state~3                                       ; Lost fanout                            ;
; light:yellow|counter:counter_num_1|bin_num[3] ; Stuck at GND due to stuck port data_in ;
; Total Number of Removed Registers = 3         ;                                        ;
+-----------------------------------------------+----------------------------------------+


+------------------------------------------------------+
; General Register Statistics                          ;
+----------------------------------------------+-------+
; Statistic                                    ; Value ;
+----------------------------------------------+-------+
; Total registers                              ; 101   ;
; Number of registers using Synchronous Clear  ; 27    ;
; Number of registers using Synchronous Load   ; 16    ;
; Number of registers using Asynchronous Clear ; 0     ;
; Number of registers using Asynchronous Load  ; 0     ;
; Number of registers using Clock Enable       ; 6     ;
; Number of registers using Preset             ; 0     ;
+----------------------------------------------+-------+


+----------------------------------------------------------------------------------------------------------------------------------------------------------------------------+
; Multiplexer Restructuring Statistics (Restructuring Performed)                                                                                                             ;
+--------------------+-----------+---------------+----------------------+------------------------+------------+--------------------------------------------------------------+
; Multiplexer Inputs ; Bus Width ; Baseline Area ; Area if Restructured ; Saving if Restructured ; Registered ; Example Multiplexer Output                                   ;
+--------------------+-----------+---------------+----------------------+------------------------+------------+--------------------------------------------------------------+
; 3:1                ; 27 bits   ; 54 LEs        ; 27 LEs               ; 27 LEs                 ; Yes        ; |traffic_light|clock:clock_module|clock_count[16]            ;
; 4:1                ; 4 bits    ; 8 LEs         ; 8 LEs                ; 0 LEs                  ; Yes        ; |traffic_light|light:yellow|counter:counter_num_0|bin_num[3] ;
; 4:1                ; 4 bits    ; 8 LEs         ; 8 LEs                ; 0 LEs                  ; Yes        ; |traffic_light|light:yellow|counter:counter_num_1|bin_num[3] ;
; 4:1                ; 4 bits    ; 8 LEs         ; 8 LEs                ; 0 LEs                  ; Yes        ; |traffic_light|light:green|counter:counter_num_0|bin_num[3]  ;
; 4:1                ; 4 bits    ; 8 LEs         ; 8 LEs                ; 0 LEs                  ; Yes        ; |traffic_light|light:green|counter:counter_num_1|bin_num[3]  ;
; 4:1                ; 4 bits    ; 8 LEs         ; 4 LEs                ; 4 LEs                  ; Yes        ; |traffic_light|light:red|counter:counter_num_0|bin_num[3]    ;
; 4:1                ; 4 bits    ; 8 LEs         ; 8 LEs                ; 0 LEs                  ; Yes        ; |traffic_light|light:red|counter:counter_num_1|bin_num[0]    ;
; 4:1                ; 8 bits    ; 16 LEs        ; 16 LEs               ; 0 LEs                  ; Yes        ; |traffic_light|country_bin[1][1]                             ;
; 4:1                ; 8 bits    ; 16 LEs        ; 16 LEs               ; 0 LEs                  ; Yes        ; |traffic_light|highway_bin[1][0]                             ;
+--------------------+-----------+---------------+----------------------+------------------------+------------+--------------------------------------------------------------+


+-------------------------------------------------------------------------------+
; Parameter Settings for User Entity Instance: Top-level Entity: |traffic_light ;
+----------------+-------+------------------------------------------------------+
; Parameter Name ; Value ; Type                                                 ;
+----------------+-------+------------------------------------------------------+
; s0             ; 000   ; Unsigned Binary                                      ;
; s1             ; 001   ; Unsigned Binary                                      ;
; s2             ; 010   ; Unsigned Binary                                      ;
; s3             ; 011   ; Unsigned Binary                                      ;
; s0_            ; 100   ; Unsigned Binary                                      ;
+----------------+-------+------------------------------------------------------+
Note: In order to hide this table in the UI and the text report file, please set the "Show Parameter Settings in Synthesis Report" option in "Analysis and Synthesis Settings -> More Settings" to "Off".


+--------------------------------------------------------+
; Parameter Settings for User Entity Instance: light:red ;
+----------------+-------+-------------------------------+
; Parameter Name ; Value ; Type                          ;
+----------------+-------+-------------------------------+
; MAX_0          ; 9     ; Signed Integer                ;
; MAX_1          ; 0     ; Signed Integer                ;
+----------------+-------+-------------------------------+
Note: In order to hide this table in the UI and the text report file, please set the "Show Parameter Settings in Synthesis Report" option in "Analysis and Synthesis Settings -> More Settings" to "Off".


+------------------------------------------------------------------------------+
; Parameter Settings for User Entity Instance: light:red|counter:counter_num_0 ;
+----------------+-------+-----------------------------------------------------+
; Parameter Name ; Value ; Type                                                ;
+----------------+-------+-----------------------------------------------------+
; MAX            ; 9     ; Signed Integer                                      ;
; MIN            ; 0     ; Signed Integer                                      ;
; MODE           ; 1     ; Signed Integer                                      ;
+----------------+-------+-----------------------------------------------------+
Note: In order to hide this table in the UI and the text report file, please set the "Show Parameter Settings in Synthesis Report" option in "Analysis and Synthesis Settings -> More Settings" to "Off".


+------------------------------------------------------------------------------+
; Parameter Settings for User Entity Instance: light:red|counter:counter_num_1 ;
+----------------+-------+-----------------------------------------------------+
; Parameter Name ; Value ; Type                                                ;
+----------------+-------+-----------------------------------------------------+
; MAX            ; 0     ; Signed Integer                                      ;
; MIN            ; 0     ; Signed Integer                                      ;
; MODE           ; 1     ; Signed Integer                                      ;
+----------------+-------+-----------------------------------------------------+
Note: In order to hide this table in the UI and the text report file, please set the "Show Parameter Settings in Synthesis Report" option in "Analysis and Synthesis Settings -> More Settings" to "Off".


+----------------------------------------------------------+
; Parameter Settings for User Entity Instance: light:green ;
+----------------+-------+---------------------------------+
; Parameter Name ; Value ; Type                            ;
+----------------+-------+---------------------------------+
; MAX_0          ; 5     ; Signed Integer                  ;
; MAX_1          ; 0     ; Signed Integer                  ;
+----------------+-------+---------------------------------+
Note: In order to hide this table in the UI and the text report file, please set the "Show Parameter Settings in Synthesis Report" option in "Analysis and Synthesis Settings -> More Settings" to "Off".


+--------------------------------------------------------------------------------+
; Parameter Settings for User Entity Instance: light:green|counter:counter_num_0 ;
+----------------+-------+-------------------------------------------------------+
; Parameter Name ; Value ; Type                                                  ;
+----------------+-------+-------------------------------------------------------+
; MAX            ; 5     ; Signed Integer                                        ;
; MIN            ; 0     ; Signed Integer                                        ;
; MODE           ; 1     ; Signed Integer                                        ;
+----------------+-------+-------------------------------------------------------+
Note: In order to hide this table in the UI and the text report file, please set the "Show Parameter Settings in Synthesis Report" option in "Analysis and Synthesis Settings -> More Settings" to "Off".


+--------------------------------------------------------------------------------+
; Parameter Settings for User Entity Instance: light:green|counter:counter_num_1 ;
+----------------+-------+-------------------------------------------------------+
; Parameter Name ; Value ; Type                                                  ;
+----------------+-------+-------------------------------------------------------+
; MAX            ; 0     ; Signed Integer                                        ;
; MIN            ; 0     ; Signed Integer                                        ;
; MODE           ; 1     ; Signed Integer                                        ;
+----------------+-------+-------------------------------------------------------+
Note: In order to hide this table in the UI and the text report file, please set the "Show Parameter Settings in Synthesis Report" option in "Analysis and Synthesis Settings -> More Settings" to "Off".


+-----------------------------------------------------------+
; Parameter Settings for User Entity Instance: light:yellow ;
+----------------+-------+----------------------------------+
; Parameter Name ; Value ; Type                             ;
+----------------+-------+----------------------------------+
; MAX_0          ; 3     ; Signed Integer                   ;
; MAX_1          ; 0     ; Signed Integer                   ;
+----------------+-------+----------------------------------+
Note: In order to hide this table in the UI and the text report file, please set the "Show Parameter Settings in Synthesis Report" option in "Analysis and Synthesis Settings -> More Settings" to "Off".


+---------------------------------------------------------------------------------+
; Parameter Settings for User Entity Instance: light:yellow|counter:counter_num_0 ;
+----------------+-------+--------------------------------------------------------+
; Parameter Name ; Value ; Type                                                   ;
+----------------+-------+--------------------------------------------------------+
; MAX            ; 3     ; Signed Integer                                         ;
; MIN            ; 0     ; Signed Integer                                         ;
; MODE           ; 1     ; Signed Integer                                         ;
+----------------+-------+--------------------------------------------------------+
Note: In order to hide this table in the UI and the text report file, please set the "Show Parameter Settings in Synthesis Report" option in "Analysis and Synthesis Settings -> More Settings" to "Off".


+---------------------------------------------------------------------------------+
; Parameter Settings for User Entity Instance: light:yellow|counter:counter_num_1 ;
+----------------+-------+--------------------------------------------------------+
; Parameter Name ; Value ; Type                                                   ;
+----------------+-------+--------------------------------------------------------+
; MAX            ; 0     ; Signed Integer                                         ;
; MIN            ; 0     ; Signed Integer                                         ;
; MODE           ; 1     ; Signed Integer                                         ;
+----------------+-------+--------------------------------------------------------+
Note: In order to hide this table in the UI and the text report file, please set the "Show Parameter Settings in Synthesis Report" option in "Analysis and Synthesis Settings -> More Settings" to "Off".


+----------------------------------------------------------------------------------------------------------------+
; Port Connectivity Checks: "light:red"                                                                          ;
+------+--------+----------+-------------------------------------------------------------------------------------+
; Port ; Type   ; Severity ; Details                                                                             ;
+------+--------+----------+-------------------------------------------------------------------------------------+
; done ; Output ; Info     ; Connected to dangling logic. Logic that only feeds a dangling port will be removed. ;
+------+--------+----------+-------------------------------------------------------------------------------------+


+-----------------------------------------------------+
; Post-Synthesis Netlist Statistics for Top Partition ;
+-----------------------+-----------------------------+
; Type                  ; Count                       ;
+-----------------------+-----------------------------+
; boundary_port         ; 56                          ;
; cycloneiii_ff         ; 101                         ;
;     ENA               ; 6                           ;
;     SCLR              ; 27                          ;
;     SLD               ; 16                          ;
;     plain             ; 52                          ;
; cycloneiii_lcell_comb ; 189                         ;
;     arith             ; 26                          ;
;         2 data inputs ; 26                          ;
;     normal            ; 163                         ;
;         0 data inputs ; 1                           ;
;         1 data inputs ; 6                           ;
;         2 data inputs ; 22                          ;
;         3 data inputs ; 48                          ;
;         4 data inputs ; 86                          ;
;                       ;                             ;
; Max LUT depth         ; 4.00                        ;
; Average LUT depth     ; 2.50                        ;
+-----------------------+-----------------------------+


+-------------------------------+
; Elapsed Time Per Partition    ;
+----------------+--------------+
; Partition Name ; Elapsed Time ;
+----------------+--------------+
; Top            ; 00:00:00     ;
+----------------+--------------+


+-------------------------------+
; Analysis & Synthesis Messages ;
+-------------------------------+
Info: *******************************************************************
Info: Running Quartus Prime Analysis & Synthesis
    Info: Version 23.1std.0 Build 991 11/28/2023 SC Lite Edition
    Info: Processing started: Sat Sep 21 14:01:00 2024
Info: Command: quartus_map --read_settings_files=on --write_settings_files=off traffic_light -c traffic_light
Warning (18236): Number of processors has not been specified which may cause overloading on shared machines.  Set the global assignment NUM_PARALLEL_PROCESSORS in your QSF to an appropriate value for best performance.
Info (20030): Parallel compilation is enabled and will use 12 of the 12 processors detected
Info (12021): Found 1 design units, including 1 entities, in source file /users/asus-laptop/onedrive - hanoi university of science and technology/edabk lab/study/verilog/digital-design-lab/traffic_light/traffic_light.v
    Info (12023): Found entity 1: traffic_light File: C:/Users/ASUS-Laptop/OneDrive - Hanoi University of Science and Technology/EDABK Lab/Study/Verilog/Digital-design-lab/Traffic_light/traffic_light.v Line: 1
Info (12021): Found 1 design units, including 1 entities, in source file /users/asus-laptop/onedrive - hanoi university of science and technology/edabk lab/study/verilog/digital-design-lab/traffic_light/clock.v
    Info (12023): Found entity 1: clock File: C:/Users/ASUS-Laptop/OneDrive - Hanoi University of Science and Technology/EDABK Lab/Study/Verilog/Digital-design-lab/Traffic_light/clock.v Line: 2
Info (12021): Found 1 design units, including 1 entities, in source file /users/asus-laptop/onedrive - hanoi university of science and technology/edabk lab/study/verilog/digital-design-lab/traffic_light/test_traffic_light.v
    Info (12023): Found entity 1: test_traffic_light File: C:/Users/ASUS-Laptop/OneDrive - Hanoi University of Science and Technology/EDABK Lab/Study/Verilog/Digital-design-lab/Traffic_light/test_traffic_light.v Line: 2
Info (12021): Found 1 design units, including 1 entities, in source file /users/asus-laptop/onedrive - hanoi university of science and technology/edabk lab/study/verilog/digital-design-lab/traffic_light/test_light.v
    Info (12023): Found entity 1: test_light File: C:/Users/ASUS-Laptop/OneDrive - Hanoi University of Science and Technology/EDABK Lab/Study/Verilog/Digital-design-lab/Traffic_light/test_light.v Line: 2
Info (12021): Found 1 design units, including 1 entities, in source file /users/asus-laptop/onedrive - hanoi university of science and technology/edabk lab/study/verilog/digital-design-lab/traffic_light/test_counter.v
    Info (12023): Found entity 1: test_counter File: C:/Users/ASUS-Laptop/OneDrive - Hanoi University of Science and Technology/EDABK Lab/Study/Verilog/Digital-design-lab/Traffic_light/test_counter.v Line: 1
Info (12021): Found 1 design units, including 1 entities, in source file /users/asus-laptop/onedrive - hanoi university of science and technology/edabk lab/study/verilog/digital-design-lab/traffic_light/seven_seg_decoder.v
    Info (12023): Found entity 1: seven_seg_decoder File: C:/Users/ASUS-Laptop/OneDrive - Hanoi University of Science and Technology/EDABK Lab/Study/Verilog/Digital-design-lab/Traffic_light/seven_seg_decoder.v Line: 1
Info (12021): Found 1 design units, including 1 entities, in source file /users/asus-laptop/onedrive - hanoi university of science and technology/edabk lab/study/verilog/digital-design-lab/traffic_light/light.v
    Info (12023): Found entity 1: light File: C:/Users/ASUS-Laptop/OneDrive - Hanoi University of Science and Technology/EDABK Lab/Study/Verilog/Digital-design-lab/Traffic_light/light.v Line: 1
Info (12021): Found 1 design units, including 1 entities, in source file /users/asus-laptop/onedrive - hanoi university of science and technology/edabk lab/study/verilog/digital-design-lab/traffic_light/counter.v
    Info (12023): Found entity 1: counter File: C:/Users/ASUS-Laptop/OneDrive - Hanoi University of Science and Technology/EDABK Lab/Study/Verilog/Digital-design-lab/Traffic_light/counter.v Line: 1
Info (12127): Elaborating entity "traffic_light" for the top level hierarchy
Info (12128): Elaborating entity "clock" for hierarchy "clock:clock_module" File: C:/Users/ASUS-Laptop/OneDrive - Hanoi University of Science and Technology/EDABK Lab/Study/Verilog/Digital-design-lab/Traffic_light/traffic_light.v Line: 23
Warning (10230): Verilog HDL assignment warning at clock.v(20): truncated value with size 32 to match size of target (27) File: C:/Users/ASUS-Laptop/OneDrive - Hanoi University of Science and Technology/EDABK Lab/Study/Verilog/Digital-design-lab/Traffic_light/clock.v Line: 20
Info (12128): Elaborating entity "light" for hierarchy "light:red" File: C:/Users/ASUS-Laptop/OneDrive - Hanoi University of Science and Technology/EDABK Lab/Study/Verilog/Digital-design-lab/Traffic_light/traffic_light.v Line: 68
Info (12128): Elaborating entity "counter" for hierarchy "light:red|counter:counter_num_0" File: C:/Users/ASUS-Laptop/OneDrive - Hanoi University of Science and Technology/EDABK Lab/Study/Verilog/Digital-design-lab/Traffic_light/light.v Line: 22
Warning (10230): Verilog HDL assignment warning at counter.v(20): truncated value with size 32 to match size of target (4) File: C:/Users/ASUS-Laptop/OneDrive - Hanoi University of Science and Technology/EDABK Lab/Study/Verilog/Digital-design-lab/Traffic_light/counter.v Line: 20
Warning (10230): Verilog HDL assignment warning at counter.v(38): truncated value with size 32 to match size of target (4) File: C:/Users/ASUS-Laptop/OneDrive - Hanoi University of Science and Technology/EDABK Lab/Study/Verilog/Digital-design-lab/Traffic_light/counter.v Line: 38
Info (12128): Elaborating entity "counter" for hierarchy "light:red|counter:counter_num_1" File: C:/Users/ASUS-Laptop/OneDrive - Hanoi University of Science and Technology/EDABK Lab/Study/Verilog/Digital-design-lab/Traffic_light/light.v Line: 31
Warning (10230): Verilog HDL assignment warning at counter.v(20): truncated value with size 32 to match size of target (4) File: C:/Users/ASUS-Laptop/OneDrive - Hanoi University of Science and Technology/EDABK Lab/Study/Verilog/Digital-design-lab/Traffic_light/counter.v Line: 20
Warning (10230): Verilog HDL assignment warning at counter.v(38): truncated value with size 32 to match size of target (4) File: C:/Users/ASUS-Laptop/OneDrive - Hanoi University of Science and Technology/EDABK Lab/Study/Verilog/Digital-design-lab/Traffic_light/counter.v Line: 38
Info (12128): Elaborating entity "light" for hierarchy "light:green" File: C:/Users/ASUS-Laptop/OneDrive - Hanoi University of Science and Technology/EDABK Lab/Study/Verilog/Digital-design-lab/Traffic_light/traffic_light.v Line: 80
Info (12128): Elaborating entity "counter" for hierarchy "light:green|counter:counter_num_0" File: C:/Users/ASUS-Laptop/OneDrive - Hanoi University of Science and Technology/EDABK Lab/Study/Verilog/Digital-design-lab/Traffic_light/light.v Line: 22
Warning (10230): Verilog HDL assignment warning at counter.v(20): truncated value with size 32 to match size of target (4) File: C:/Users/ASUS-Laptop/OneDrive - Hanoi University of Science and Technology/EDABK Lab/Study/Verilog/Digital-design-lab/Traffic_light/counter.v Line: 20
Warning (10230): Verilog HDL assignment warning at counter.v(38): truncated value with size 32 to match size of target (4) File: C:/Users/ASUS-Laptop/OneDrive - Hanoi University of Science and Technology/EDABK Lab/Study/Verilog/Digital-design-lab/Traffic_light/counter.v Line: 38
Info (12128): Elaborating entity "light" for hierarchy "light:yellow" File: C:/Users/ASUS-Laptop/OneDrive - Hanoi University of Science and Technology/EDABK Lab/Study/Verilog/Digital-design-lab/Traffic_light/traffic_light.v Line: 92
Info (12128): Elaborating entity "counter" for hierarchy "light:yellow|counter:counter_num_0" File: C:/Users/ASUS-Laptop/OneDrive - Hanoi University of Science and Technology/EDABK Lab/Study/Verilog/Digital-design-lab/Traffic_light/light.v Line: 22
Warning (10230): Verilog HDL assignment warning at counter.v(20): truncated value with size 32 to match size of target (4) File: C:/Users/ASUS-Laptop/OneDrive - Hanoi University of Science and Technology/EDABK Lab/Study/Verilog/Digital-design-lab/Traffic_light/counter.v Line: 20
Warning (10230): Verilog HDL assignment warning at counter.v(38): truncated value with size 32 to match size of target (4) File: C:/Users/ASUS-Laptop/OneDrive - Hanoi University of Science and Technology/EDABK Lab/Study/Verilog/Digital-design-lab/Traffic_light/counter.v Line: 38
Info (12128): Elaborating entity "seven_seg_decoder" for hierarchy "seven_seg_decoder:decoder_highway_0" File: C:/Users/ASUS-Laptop/OneDrive - Hanoi University of Science and Technology/EDABK Lab/Study/Verilog/Digital-design-lab/Traffic_light/traffic_light.v Line: 251
Info (286030): Timing-Driven Synthesis is running
Info (17049): 2 registers lost all their fanouts during netlist optimizations.
Info (144001): Generated suppressed messages file C:/Users/ASUS-Laptop/OneDrive - Hanoi University of Science and Technology/EDABK Lab/Study/Verilog/Digital-design-lab/Traffic_light/traffic_light/output_files/traffic_light.map.smsg
Info (16010): Generating hard_block partition "hard_block:auto_generated_inst"
    Info (16011): Adding 0 node(s), including 0 DDIO, 0 PLL, 0 transceiver and 0 LCELL
Info (21057): Implemented 261 device resources after synthesis - the final resource count might be different
    Info (21058): Implemented 5 input pins
    Info (21059): Implemented 51 output pins
    Info (21061): Implemented 205 logic cells
Info: Quartus Prime Analysis & Synthesis was successful. 0 errors, 10 warnings
    Info: Peak virtual memory: 4860 megabytes
    Info: Processing ended: Sat Sep 21 14:01:27 2024
    Info: Elapsed time: 00:00:27
    Info: Total CPU time (on all processors): 00:00:28


+------------------------------------------+
; Analysis & Synthesis Suppressed Messages ;
+------------------------------------------+
The suppressed messages can be found in C:/Users/ASUS-Laptop/OneDrive - Hanoi University of Science and Technology/EDABK Lab/Study/Verilog/Digital-design-lab/Traffic_light/traffic_light/output_files/traffic_light.map.smsg.


